
{"level":60,"time":1648160782784,"pid":93,"hostname":"e281df2687e4","msg":"Cannot read properties of undefined (reading 'joinColumns')"}
{"level":50,"time":1648160783272,"pid":93,"hostname":"e281df2687e4","method":"GET","url":"/boards/c6c23a50-1536-4cd1-843e-e5989b92c197/tasks/a1400f69-916a-492c-9075-6a9a328b7354","query":{},"body":null,"statusCode":500,"exception":"Cannot read properties of undefined (reading 'joinColumns')","classException":"TypeError","responseTime":"0ms"}
{"level":60,"time":1648160835570,"pid":106,"hostname":"e281df2687e4","msg":"Cannot read properties of undefined (reading 'joinColumns')"}
{"level":50,"time":1648160836041,"pid":106,"hostname":"e281df2687e4","method":"GET","url":"/boards/c6c23a50-1536-4cd1-843e-e5989b92c197/tasks/a1400f69-916a-492c-9075-6a9a328b7354","query":{},"body":null,"statusCode":500,"exception":"Cannot read properties of undefined (reading 'joinColumns')","classException":"TypeError","responseTime":"1ms"}
{"level":60,"time":1648160933037,"pid":132,"hostname":"e281df2687e4","msg":"Cannot read properties of undefined (reading 'joinColumns')"}
{"level":50,"time":1648160933693,"pid":132,"hostname":"e281df2687e4","method":"GET","url":"/boards/c6c23a50-1536-4cd1-843e-e5989b92c197/tasks/a1400f69-916a-492c-9075-6a9a328b7354","query":{},"body":null,"statusCode":500,"exception":"Cannot read properties of undefined (reading 'joinColumns')","classException":"TypeError","responseTime":"0ms"}
{"level":60,"time":1648161042699,"pid":158,"hostname":"e281df2687e4","msg":"Cannot read properties of undefined (reading 'joinColumns')"}
{"level":50,"time":1648161043424,"pid":158,"hostname":"e281df2687e4","method":"GET","url":"/boards/c6c23a50-1536-4cd1-843e-e5989b92c197/tasks/a1400f69-916a-492c-9075-6a9a328b7354","query":{},"body":null,"statusCode":500,"exception":"Cannot read properties of undefined (reading 'joinColumns')","classException":"TypeError","responseTime":"0ms"}
{"level":60,"time":1648161046695,"pid":158,"hostname":"e281df2687e4","msg":"Cannot read properties of undefined (reading 'joinColumns')"}
{"level":50,"time":1648161047504,"pid":158,"hostname":"e281df2687e4","method":"GET","url":"/boards/c6c23a50-1536-4cd1-843e-e5989b92c197/tasks/a1400f69-916a-492c-9075-6a9a328b7354","query":{},"body":null,"statusCode":500,"exception":"Cannot read properties of undefined (reading 'joinColumns')","classException":"TypeError","responseTime":"0ms"}
{"level":60,"time":1648161540561,"pid":197,"hostname":"e281df2687e4","msg":"Cannot read properties of undefined (reading 'joinColumns')"}
{"level":50,"time":1648161541425,"pid":197,"hostname":"e281df2687e4","method":"GET","url":"/boards/c6c23a50-1536-4cd1-843e-e5989b92c197/tasks/a1400f69-916a-492c-9075-6a9a328b7354","query":{},"body":null,"statusCode":500,"exception":"Cannot read properties of undefined (reading 'joinColumns')","classException":"TypeError","responseTime":"0ms"}
{"level":60,"time":1648161569912,"pid":210,"hostname":"e281df2687e4","msg":"Cannot read properties of undefined (reading 'joinColumns')"}
{"level":50,"time":1648161570525,"pid":210,"hostname":"e281df2687e4","method":"GET","url":"/boards/c6c23a50-1536-4cd1-843e-e5989b92c197/tasks/a1400f69-916a-492c-9075-6a9a328b7354","query":{},"body":null,"statusCode":500,"exception":"Cannot read properties of undefined (reading 'joinColumns')","classException":"TypeError","responseTime":"0ms"}
{"level":60,"time":1648161618100,"pid":236,"hostname":"e281df2687e4","msg":"Cannot read properties of undefined (reading 'joinColumns')"}
{"level":50,"time":1648161618780,"pid":236,"hostname":"e281df2687e4","method":"GET","url":"/boards/c6c23a50-1536-4cd1-843e-e5989b92c197/tasks/a1400f69-916a-492c-9075-6a9a328b7354","query":{},"body":null,"statusCode":500,"exception":"Cannot read properties of undefined (reading 'joinColumns')","classException":"TypeError","responseTime":"0ms"}
{"level":60,"time":1648162309161,"pid":64,"hostname":"e281df2687e4","msg":"Cannot read properties of undefined (reading 'joinColumns')"}
{"level":50,"time":1648162309355,"pid":64,"hostname":"e281df2687e4","method":"GET","url":"/boards/c6c23a50-1536-4cd1-843e-e5989b92c197/tasks/a1400f69-916a-492c-9075-6a9a328b7354","query":{},"body":null,"statusCode":500,"exception":"Cannot read properties of undefined (reading 'joinColumns')","classException":"TypeError","responseTime":"0ms"}
{"level":60,"time":1648162673768,"pid":90,"hostname":"e281df2687e4","msg":"Cannot read properties of undefined (reading 'joinColumns')"}
{"level":50,"time":1648162674241,"pid":90,"hostname":"e281df2687e4","method":"GET","url":"/boards/c6c23a50-1536-4cd1-843e-e5989b92c197/tasks/a1400f69-916a-492c-9075-6a9a328b7354","query":{},"body":null,"statusCode":500,"exception":"Cannot read properties of undefined (reading 'joinColumns')","classException":"TypeError","responseTime":"1ms"}
{"level":60,"time":1648162734175,"pid":103,"hostname":"e281df2687e4","msg":"Cannot read properties of undefined (reading 'joinColumns')"}
{"level":50,"time":1648162734315,"pid":103,"hostname":"e281df2687e4","method":"GET","url":"/boards/c6c23a50-1536-4cd1-843e-e5989b92c197/tasks/a1400f69-916a-492c-9075-6a9a328b7354","query":{},"body":null,"statusCode":500,"exception":"Cannot read properties of undefined (reading 'joinColumns')","classException":"TypeError","responseTime":"0ms"}
{"level":60,"time":1648162897650,"pid":65,"hostname":"e281df2687e4","msg":"Cannot read properties of undefined (reading 'joinColumns')"}
{"level":50,"time":1648162898133,"pid":65,"hostname":"e281df2687e4","method":"GET","url":"/boards/c6c23a50-1536-4cd1-843e-e5989b92c197/tasks/a1400f69-916a-492c-9075-6a9a328b7354","query":{},"body":null,"statusCode":500,"exception":"Cannot read properties of undefined (reading 'joinColumns')","classException":"TypeError","responseTime":"0ms"}
{"level":60,"time":1648162899616,"pid":65,"hostname":"e281df2687e4","msg":"Cannot read properties of undefined (reading 'joinColumns')"}
{"level":50,"time":1648162900217,"pid":65,"hostname":"e281df2687e4","method":"GET","url":"/boards/c6c23a50-1536-4cd1-843e-e5989b92c197/tasks/a1400f69-916a-492c-9075-6a9a328b7354","query":{},"body":null,"statusCode":500,"exception":"Cannot read properties of undefined (reading 'joinColumns')","classException":"TypeError","responseTime":"1ms"}
{"level":60,"time":1648163487133,"pid":51,"hostname":"6de208addaa8","msg":"insert or update on table \"tasks\" violates foreign key constraint \"FK_8a75fdea98c72c539a0879cb0d1\""}
{"level":50,"time":1648163487651,"pid":51,"hostname":"6de208addaa8","method":"POST","url":"/boards/c6c23a50-1536-4cd1-843e-e5989b92c197/tasks","query":{},"body":{"title":"Task: pet the cat 3","order":2,"description":"Domestic cat needs to be stroked gently","userId":"bc1cc48e-3acf-441d-81f8-4d8261d4fce9","boardId":"9a111e19-24ec-43e1-b8c4-13776842b8d5","columnId":"dff58608-ddcf-44ad-ac05-02bdd7d4c89f"},"statusCode":500,"exception":"insert or update on table \"tasks\" violates foreign key constraint \"FK_8a75fdea98c72c539a0879cb0d1\"","classException":"QueryFailedError","responseTime":"0ms"}
{"level":60,"time":1648163744823,"pid":51,"hostname":"480bfb5987c2","msg":"insert or update on table \"tasks\" violates foreign key constraint \"FK_8a75fdea98c72c539a0879cb0d1\""}
{"level":50,"time":1648163745718,"pid":51,"hostname":"480bfb5987c2","method":"POST","url":"/boards/c6c23a50-1536-4cd1-843e-e5989b92c197/tasks","query":{},"body":{"title":"Task: pet the cat 3","order":2,"description":"Domestic cat needs to be stroked gently","userId":"b2d92061-7d23-4641-af52-dd39f95b99f8","boardId":"be780168-5209-4162-b342-443b23c19e02","columnId":"7b0b41b3-c01e-4139-998f-3ff25d20dc4f"},"statusCode":500,"exception":"insert or update on table \"tasks\" violates foreign key constraint \"FK_8a75fdea98c72c539a0879cb0d1\"","classException":"QueryFailedError","responseTime":"0ms"}
{"level":60,"time":1648163909786,"pid":77,"hostname":"480bfb5987c2","msg":"insert or update on table \"tasks\" violates foreign key constraint \"FK_8a75fdea98c72c539a0879cb0d1\""}
{"level":50,"time":1648163910742,"pid":77,"hostname":"480bfb5987c2","method":"POST","url":"/boards/c6c23a50-1536-4cd1-843e-e5989b92c197/tasks","query":{},"body":{"title":"Task: pet the cat 3","order":2,"description":"Domestic cat needs to be stroked gently","userId":"b2d92061-7d23-4641-af52-dd39f95b99f8","boardId":"be780168-5209-4162-b342-443b23c19e02","columnId":"7b0b41b3-c01e-4139-998f-3ff25d20dc4f"},"statusCode":500,"exception":"insert or update on table \"tasks\" violates foreign key constraint \"FK_8a75fdea98c72c539a0879cb0d1\"","classException":"QueryFailedError","responseTime":"0ms"}
{"level":60,"time":1648164055712,"pid":103,"hostname":"480bfb5987c2","msg":"Cannot read properties of undefined (reading 'joinColumns')"}
{"level":50,"time":1648164056056,"pid":103,"hostname":"480bfb5987c2","method":"GET","url":"/boards/be780168-5209-4162-b342-443b23c19e02/tasks","query":{},"body":null,"statusCode":500,"exception":"Cannot read properties of undefined (reading 'joinColumns')","classException":"TypeError","responseTime":"0ms"}
{"level":60,"time":1648164064593,"pid":103,"hostname":"480bfb5987c2","msg":"Cannot read properties of undefined (reading 'joinColumns')"}
{"level":50,"time":1648164065152,"pid":103,"hostname":"480bfb5987c2","method":"GET","url":"/boards/be780168-5209-4162-b342-443b23c19e02/tasks","query":{},"body":null,"statusCode":500,"exception":"Cannot read properties of undefined (reading 'joinColumns')","classException":"TypeError","responseTime":"0ms"}
{"level":60,"time":1648164091941,"pid":103,"hostname":"480bfb5987c2","msg":"Cannot read properties of undefined (reading 'joinColumns')"}
{"level":50,"time":1648164092258,"pid":103,"hostname":"480bfb5987c2","method":"GET","url":"/boards/be780168-5209-4162-b342-443b23c19e02/tasks","query":{},"body":null,"statusCode":500,"exception":"Cannot read properties of undefined (reading 'joinColumns')","classException":"TypeError","responseTime":"0ms"}
{"level":60,"time":1648164134666,"pid":116,"hostname":"480bfb5987c2","msg":"Cannot read properties of undefined (reading 'joinColumns')"}
{"level":50,"time":1648164134996,"pid":116,"hostname":"480bfb5987c2","method":"GET","url":"/boards/be780168-5209-4162-b342-443b23c19e02/tasks","query":{},"body":null,"statusCode":500,"exception":"Cannot read properties of undefined (reading 'joinColumns')","classException":"TypeError","responseTime":"0ms"}
{"level":60,"time":1648164462376,"pid":142,"hostname":"480bfb5987c2","msg":"Cannot read properties of undefined (reading 'joinColumns')"}
{"level":50,"time":1648164463184,"pid":142,"hostname":"480bfb5987c2","method":"GET","url":"/boards/be780168-5209-4162-b342-443b23c19e02/tasks/52a4580c-c681-45fc-8c02-a67641ea84ef","query":{},"body":null,"statusCode":500,"exception":"Cannot read properties of undefined (reading 'joinColumns')","classException":"TypeError","responseTime":"0ms"}
{"level":60,"time":1648164467282,"pid":142,"hostname":"480bfb5987c2","msg":"Cannot read properties of undefined (reading 'joinColumns')"}
{"level":50,"time":1648164468220,"pid":142,"hostname":"480bfb5987c2","method":"GET","url":"/boards/be780168-5209-4162-b342-443b23c19e02/tasks/52a4580c-c681-45fc-8c02-a67641ea84ef","query":{},"body":null,"statusCode":500,"exception":"Cannot read properties of undefined (reading 'joinColumns')","classException":"TypeError","responseTime":"0ms"}
{"level":60,"time":1648164555408,"pid":155,"hostname":"480bfb5987c2","msg":"Cannot read properties of undefined (reading 'joinColumns')"}
{"level":50,"time":1648164555876,"pid":155,"hostname":"480bfb5987c2","method":"GET","url":"/boards/be780168-5209-4162-b342-443b23c19e02/tasks/52a4580c-c681-45fc-8c02-a67641ea84ef","query":{},"body":null,"statusCode":500,"exception":"Cannot read properties of undefined (reading 'joinColumns')","classException":"TypeError","responseTime":"0ms"}
{"level":60,"time":1648202907045,"pid":92,"hostname":"480bfb5987c2","msg":"invalid reference to FROM-clause entry for table \"files\""}
{"level":50,"time":1648202907817,"pid":92,"hostname":"480bfb5987c2","method":"GET","url":"/boards/be780168-5209-4162-b342-443b23c19e02/tasks","query":{},"body":null,"statusCode":500,"exception":"invalid reference to FROM-clause entry for table \"files\"","classException":"QueryFailedError","responseTime":"0ms"}
{"level":50,"time":1648208859331,"pid":131,"hostname":"480bfb5987c2","method":"POST","url":"/file","query":{},"body":{"taskId":"6e3abe9c-ceb1-40fa-9a04-eb2b2184daf9"},"statusCode":409,"exception":"File already exists!","classException":"HttpException","responseTime":"0ms"}
{"level":50,"time":1648209265377,"pid":52,"hostname":"480bfb5987c2","method":"POST","url":"/file","query":{},"body":{"taskId":"6e3abe9c-ceb1-40fa-9a04-eb2b2184daf9"},"statusCode":409,"exception":"File already exists!","classException":"HttpException","responseTime":"0ms"}
{"level":50,"time":1648216866493,"pid":130,"hostname":"480bfb5987c2","method":"GET","url":"/favicon.ico","query":{},"body":null,"statusCode":404,"exception":"Cannot GET /favicon.ico","classException":"NotFoundException","responseTime":"0ms"}
{"level":50,"time":1648227604734,"pid":117,"hostname":"480bfb5987c2","method":"PUT","url":"/columns/7b0b41b3-c01e-4139-998f-3ff25d20dc4f","query":{},"body":{"title":"Done","order":1,"boardId":"8d3bad56-ad8a-495d-9500-18ae4d1de8dc"},"statusCode":401,"exception":"Unauthorized","classException":"UnauthorizedException","responseTime":"0ms"}
{"level":50,"time":1648228978635,"pid":143,"hostname":"480bfb5987c2","method":"GET","url":"/columns/7b0b41b3-c01e-4139-998f-3ff25d20dc4f","query":{},"body":null,"statusCode":401,"exception":"Unauthorized","classException":"UnauthorizedException","responseTime":"0ms"}
{"level":60,"time":1648229172951,"pid":143,"hostname":"480bfb5987c2","msg":"insert or update on table \"columns\" violates foreign key constraint \"FK_ac92bfd7ba33174aabef610f361\""}
{"level":50,"time":1648229173878,"pid":143,"hostname":"480bfb5987c2","method":"POST","url":"/columns","query":{},"body":{"title":"Done","order":1,"boardId":"8d3bad56-ad8a-495d-9500-18ae4d1de8dc"},"statusCode":500,"exception":"insert or update on table \"columns\" violates foreign key constraint \"FK_ac92bfd7ba33174aabef610f361\"","classException":"QueryFailedError","responseTime":"0ms"}
{"level":50,"time":1648230414524,"pid":195,"hostname":"480bfb5987c2","method":"PUT","url":"/columns/7b0b41b3-c01e-4139-998f-3ff25d20dc4f","query":{},"body":{"title":"Done","order":1},"statusCode":401,"exception":"Unauthorized","classException":"UnauthorizedException","responseTime":"0ms"}
{"level":50,"time":1648230543419,"pid":208,"hostname":"480bfb5987c2","method":"POST","url":"/columns","query":{},"body":{"title":"Done","order":1,"boardId":"4912d404-ab76-4785-8622-e903a5a7981e"},"statusCode":401,"exception":"Unauthorized","classException":"UnauthorizedException","responseTime":"0ms"}
{"level":50,"time":1648231529131,"pid":234,"hostname":"480bfb5987c2","method":"PUT","url":"/boards/be780168-5209-4162-b342-443b23c19e02","query":{},"body":{"title":"Homework tasks#0001"},"statusCode":400,"exception":"Bad Request Exception","classException":"BadRequestException","responseTime":"0ms"}
